============================= test session starts =============================
platform win32 -- Python 3.13.1, pytest-9.0.2, pluggy-1.6.0 -- C:\Users\waelb\AppData\Local\Programs\Python\Python313\python.exe
cachedir: .pytest_cache
django: version: 4.2.28, settings: portfolio.settings (from ini)
rootdir: C:\Users\waelb\Desktop\portfolio-v1\backend
configfile: pytest.ini
testpaths: .
plugins: Faker-40.8.0, cov-7.0.0, django-4.12.0, xdist-3.8.0, requests-mock-1.12.1
collecting ... collected 100 items

api/test_auth.py::TestUserRegistration::test_register_user_success PASSED [  1%]
api/test_auth.py::TestUserRegistration::test_register_password_mismatch PASSED [  2%]
api/test_auth.py::TestUserRegistration::test_register_weak_password PASSED [  3%]
api/test_auth.py::TestUserRegistration::test_register_duplicate_email PASSED [  4%]
api/test_auth.py::TestUserRegistration::test_register_missing_email PASSED [  5%]
api/test_auth.py::TestUserLogin::test_login_success PASSED               [  6%]
api/test_auth.py::TestUserLogin::test_login_invalid_password PASSED      [  7%]
api/test_auth.py::TestUserLogin::test_login_nonexistent_email PASSED     [  8%]
api/test_auth.py::TestUserLogin::test_login_missing_credentials PASSED   [  9%]
api/test_auth.py::TestUserLogin::test_login_creates_token PASSED         [ 10%]
api/test_auth.py::TestUserLogout::test_logout_success PASSED             [ 11%]
api/test_auth.py::TestUserLogout::test_logout_unauthenticated PASSED     [ 12%]
api/test_auth.py::TestUserProfile::test_get_profile_authenticated PASSED [ 13%]
api/test_auth.py::TestUserProfile::test_get_profile_unauthenticated PASSED [ 14%]
api/test_auth.py::TestUserProfile::test_update_profile_success PASSED    [ 15%]
api/test_auth.py::TestPasswordChange::test_password_change_success PASSED [ 16%]
api/test_auth.py::TestPasswordChange::test_password_change_wrong_current PASSED [ 17%]
api/test_auth.py::TestPasswordChange::test_password_change_mismatch PASSED [ 18%]
api/test_auth.py::TestPasswordChange::test_password_change_unauthenticated PASSED [ 19%]
api/test_auth.py::TestAdminUserManagement::test_list_users_as_admin PASSED [ 20%]
api/test_auth.py::TestAdminUserManagement::test_list_users_as_regular_user PASSED [ 21%]
api/test_auth.py::TestAdminUserManagement::test_get_user_detail_as_admin PASSED [ 22%]
api/test_auth.py::TestAdminUserManagement::test_update_user_as_admin PASSED [ 23%]
api/test_auth.py::TestAdminUserManagement::test_delete_user_as_admin PASSED [ 24%]
api/test_auth.py::TestAdminUserManagement::test_regular_user_cannot_manage_users PASSED [ 25%]
api/test_auth.py::TestUserModel::test_create_user PASSED                 [ 26%]
api/test_auth.py::TestUserModel::test_create_superuser PASSED            [ 27%]
api/test_auth.py::TestUserModel::test_email_field_unique PASSED          [ 28%]
api/test_auth.py::TestUserModel::test_user_str_representation PASSED     [ 29%]
api/tests.py::UserModelTest::test_create_admin_user PASSED               [ 30%]
api/tests.py::UserModelTest::test_create_user PASSED                     [ 31%]
api/tests.py::UserModelTest::test_user_str_representation PASSED         [ 32%]
api/tests.py::AuthenticationTest::test_get_user_profile PASSED           [ 33%]
api/tests.py::AuthenticationTest::test_unauthenticated_profile_access PASSED [ 34%]
api/tests.py::AuthenticationTest::test_user_login PASSED                 [ 35%]
api/tests.py::AuthenticationTest::test_user_login_invalid_credentials PASSED [ 36%]
api/tests.py::AuthenticationTest::test_user_registration PASSED          [ 37%]
api/tests.py::UserUpdateTest::test_update_email PASSED                   [ 38%]
api/tests.py::UserUpdateTest::test_update_password PASSED                [ 39%]
api/tests.py::MetricsViewTests::test_get_client_ip_empty_ip PASSED       [ 40%]
api/tests.py::MetricsViewTests::test_get_client_ip_with_proxy PASSED     [ 41%]
api/tests.py::MetricsViewTests::test_get_client_ip_with_real_ip_header PASSED [ 42%]
api/tests.py::MetricsViewTests::test_get_client_ip_without_proxy PASSED  [ 43%]
api/tests.py::MetricsViewTests::test_is_ip_allowed PASSED                [ 44%]
api/tests.py::MetricsViewTests::test_is_ip_allowed_invalid_ip PASSED     [ 45%]
api/tests.py::MetricsViewTests::test_is_ip_allowed_invalid_range PASSED  [ 46%]
api/tests.py::MetricsViewTests::test_is_ip_allowed_with_empty_ip PASSED  [ 47%]
api/tests.py::MetricsViewTests::test_is_trusted_proxy PASSED             [ 48%]
api/tests.py::MetricsViewTests::test_is_trusted_proxy_invalid_ip PASSED  [ 49%]
api/tests.py::MetricsViewTests::test_is_trusted_proxy_invalid_range PASSED [ 50%]
api/tests.py::MetricsViewTests::test_metrics_cache_hit PASSED            [ 51%]
api/tests.py::MetricsViewTests::test_metrics_view_cache_get_error PASSED [ 52%]
api/tests.py::MetricsViewTests::test_metrics_view_cache_set_error PASSED [ 53%]
api/tests.py::MetricsViewTests::test_metrics_view_requires_auth_or_allowed_ip PASSED [ 54%]
api/tests.py::MetricsViewTests::test_update_metrics_exception PASSED     [ 55%]
api/tests.py::MetricsViewTests::test_update_metrics_with_visitor_metrics PASSED [ 56%]
cv/tests.py::ExperienceModelTest::test_create_experience PASSED          [ 57%]
cv/tests.py::ExperienceModelTest::test_experience_str_representation PASSED [ 58%]
cv/tests.py::EducationModelTest::test_create_education PASSED            [ 59%]
cv/tests.py::EducationModelTest::test_education_str_representation PASSED [ 60%]
cv/tests.py::CVSkillModelTest::test_create_cv_skill PASSED               [ 61%]
cv/tests.py::LanguageModelTest::test_create_language PASSED              [ 62%]
cv/tests.py::CertificationModelTest::test_create_certification PASSED    [ 63%]
cv/tests.py::CVAPITest::test_create_education_authenticated PASSED       [ 64%]
cv/tests.py::CVAPITest::test_create_experience_authenticated PASSED      [ 65%]
cv/tests.py::CVAPITest::test_list_education PASSED                       [ 66%]
cv/tests.py::CVAPITest::test_list_experiences PASSED                     [ 67%]
projects/test_projects.py::TestProjectListCreate::test_list_projects_unauthenticated PASSED [ 68%]
projects/test_projects.py::TestProjectListCreate::test_list_only_active_projects PASSED [ 69%]
projects/test_projects.py::TestProjectListCreate::test_admin_sees_inactive_projects PASSED [ 70%]
projects/test_projects.py::TestProjectListCreate::test_create_project_as_admin PASSED [ 71%]
projects/test_projects.py::TestProjectListCreate::test_create_project_as_regular_user_fails PASSED [ 72%]
projects/test_projects.py::TestProjectListCreate::test_create_project_unauthenticated_fails PASSED [ 73%]
projects/test_projects.py::TestProjectDetail::test_get_project_detail PASSED [ 74%]
projects/test_projects.py::TestProjectDetail::test_get_inactive_project_as_admin PASSED [ 75%]
projects/test_projects.py::TestProjectDetail::test_get_inactive_project_as_user_fails PASSED [ 76%]
projects/test_projects.py::TestProjectDetail::test_update_project_as_admin PASSED [ 77%]
projects/test_projects.py::TestProjectDetail::test_delete_project_as_admin PASSED [ 78%]
projects/test_projects.py::TestProjectDetail::test_update_project_by_regular_user_fails PASSED [ 79%]
projects/test_projects.py::TestSkill::test_list_skills PASSED            [ 80%]
projects/test_projects.py::TestSkill::test_create_skill_as_admin PASSED  [ 81%]
projects/test_projects.py::TestSkill::test_create_skill_validation PASSED [ 82%]
projects/test_projects.py::TestMediaItem::test_project_media_list PASSED [ 83%]
projects/test_projects.py::TestMediaItem::test_media_ordering PASSED     [ 84%]
projects/test_projects.py::TestProjectModel::test_project_slug_auto_generated PASSED [ 85%]
projects/test_projects.py::TestProjectModel::test_project_slug_unique PASSED [ 86%]
projects/test_projects.py::TestProjectModel::test_project_str_representation PASSED [ 87%]
projects/test_projects.py::TestCategoryEncoding::test_french_category_encoding PASSED [ 88%]
projects/tests.py::SkillModelTest::test_create_skill PASSED              [ 89%]
projects/tests.py::SkillModelTest::test_skill_str_representation PASSED  [ 90%]
projects/tests.py::ProjectModelTest::test_create_project PASSED          [ 91%]
projects/tests.py::ProjectModelTest::test_project_str_representation PASSED [ 92%]
projects/tests.py::ProjectAPITest::test_create_project_authenticated PASSED [ 93%]
projects/tests.py::ProjectAPITest::test_create_project_unauthenticated PASSED [ 94%]
projects/tests.py::ProjectAPITest::test_delete_project PASSED            [ 95%]
projects/tests.py::ProjectAPITest::test_list_projects PASSED             [ 96%]
projects/tests.py::ProjectAPITest::test_retrieve_project PASSED          [ 97%]
projects/tests.py::ProjectAPITest::test_update_project PASSED            [ 98%]
projects/tests.py::SkillAPITest::test_create_skill_authenticated PASSED  [ 99%]
projects/tests.py::SkillAPITest::test_list_skills PASSED                 [100%]

============================== warnings summary ===============================
..\..\..\AppData\Local\Programs\Python\Python313\Lib\site-packages\pythonjsonlogger\jsonlogger.py:11
  C:\Users\waelb\AppData\Local\Programs\Python\Python313\Lib\site-packages\pythonjsonlogger\jsonlogger.py:11: DeprecationWarning: pythonjsonlogger.jsonlogger has been moved to pythonjsonlogger.json
    warnings.warn(

api/test_auth.py::TestAdminUserManagement::test_list_users_as_admin
  C:\Users\waelb\AppData\Local\Programs\Python\Python313\Lib\site-packages\rest_framework\pagination.py:207: UnorderedObjectListWarning: Pagination may yield inconsistent results with an unordered object_list: <class 'api.models.CustomUser'> QuerySet.
    paginator = self.django_paginator_class(queryset, page_size)

api/tests.py: 17 warnings
  C:\Users\waelb\Desktop\portfolio-v1\backend\api\tests.py:145: RemovedInDjango51Warning: BaseUserManager.make_random_password() is deprecated.
    'password': self.user_model.objects.make_random_password(),

-- Docs: https://docs.pytest.org/en/stable/how-to/capture-warnings.html
=============================== tests coverage ================================
_______________ coverage: platform win32, python 3.13.1-final-0 _______________

Name                                                                                    Stmts   Miss  Cover   Missing
---------------------------------------------------------------------------------------------------------------------
api\__init__.py                                                                             0      0   100%
api\admin.py                                                                               27      0   100%
api\apps.py                                                                                 4      0   100%
api\authentication.py                                                                      21     12    43%   23-38
api\error_handling.py                                                                     157    109    31%   27-31, 35-43, 49, 60, 71, 82, 93, 104, 114-118, 129, 140, 164-189, 201-204, 207, 210-223, 247-252, 267-299, 304-314, 336, 359-375
api\exceptions.py                                                                          57     57     0%   5-164
api\metrics.py                                                                            140      0   100%
api\middleware.py                                                                         112     42    62%   42, 48, 52, 90-92, 101-103, 109-111, 129, 145-151, 158-170, 177-189
api\migrations\0001_initial.py                                                              6      0   100%
api\migrations\0002_alter_customuser_email.py                                               4      0   100%
api\migrations\0003_add_requires_password_change_and_create_admin.py                       50     25    50%   25, 45-79, 87-90
api\migrations\0004_imageupload.py                                                          6      0   100%
api\migrations\0005_visitor.py                                                              7      0   100%
api\migrations\0006_alter_visitor_session_key.py                                            4      0   100%
api\migrations\0007_alter_imageupload_options_alter_imageupload_image.py                    5      0   100%
api\migrations\0008_mediaupload_delete_imageupload.py                                       7      0   100%
api\migrations\__init__.py                                                                  0      0   100%
api\models.py                                                                              91     14    85%   30-51, 57, 70, 72, 119, 147, 178
api\permissions.py                                                                          9      3    67%   21-23
api\security.py                                                                           124    124     0%   5-324
api\serializers.py                                                                        236    131    44%   85-87, 91-108, 119-218, 221-252, 273-276, 279-281, 290, 308, 319, 322, 328, 351-416, 420-423
api\test_auth.py                                                                          143      0   100%
api\tests.py                                                                              210      2    99%   244, 259
api\urls.py                                                                                 4      0   100%
api\utils.py                                                                               17     17     0%   4-30
api\views.py                                                                              194     74    62%   102-120, 131-133, 206, 225-229, 232, 243-321, 332-345, 365-396
content\__init__.py                                                                         0      0   100%
content\admin.py                                                                           28      4    86%   15-17, 21
content\apps.py                                                                             5      0   100%
content\migrations\0001_initial.py                                                          7      0   100%
content\migrations\0002_add_home_page_config_fields.py                                      4      0   100%
content\migrations\0003_sitesettings_about_quote_sitesettings_about_title_and_more.py       4      0   100%
content\migrations\0004_alter_sitesettings_hero_title.py                                    4      0   100%
content\migrations\0005_sitesettings_accent_color_and_more.py                               4      0   100%
content\migrations\0006_sitesettings_drone_video_and_more.py                                4      0   100%
content\migrations\0007_remove_sitesettings_drone_video_and_more.py                         4      0   100%
content\migrations\__init__.py                                                              0      0   100%
content\models.py                                                                         140     21    85%   78-79, 83-84, 88-89, 93-94, 98-99, 103-104, 133-135, 140-141, 144, 163, 191, 206
content\serializers.py                                                                     34      0   100%
content\tests.py                                                                            1      0   100%
content\urls.py                                                                             3      0   100%
content\views.py                                                                          144     87    40%   27, 31-34, 37-39, 43-48, 58-60, 68-70, 82-87, 90-93, 101, 108-121, 133-138, 141-155, 163-168, 171-181, 193-232
cv\__init__.py                                                                              0      0   100%
cv\admin.py                                                                                35      0   100%
cv\apps.py                                                                                  5      0   100%
cv\migrations\0001_initial.py                                                               5      0   100%
cv\migrations\0002_cvlanguage_percentage.py                                                 4      0   100%
cv\migrations\0003_alter_cvskill_category.py                                                4      0   100%
cv\migrations\__init__.py                                                                   0      0   100%
cv\models.py                                                                              110      5    95%   91, 122, 143, 165, 182
cv\serializers.py                                                                          68     20    71%   48-52, 72-77, 81-83, 87-91, 95-97
cv\tests.py                                                                                71      0   100%
cv\urls.py                                                                                  3      0   100%
cv\views.py                                                                               145     38    74%   57-110, 141-142, 146-147, 178-179, 183-184, 195, 198-200, 204-205, 215-216, 220-221, 230-232, 247-249, 264-266, 281-283
interactions\__init__.py                                                                    0      0   100%
interactions\admin.py                                                                      15      0   100%
interactions\apps.py                                                                        7      0   100%
interactions\migrations\0001_initial.py                                                     7      0   100%
interactions\migrations\__init__.py                                                         0      0   100%
interactions\models.py                                                                     31      4    87%   22, 47, 51, 55
interactions\serializers.py                                                                16      4    75%   22-25
interactions\signals.py                                                                    18      6    67%   19-20, 28-33
interactions\tests.py                                                                       1      0   100%
interactions\urls.py                                                                        3      0   100%
interactions\views.py                                                                      46     25    46%   20-55, 63, 73, 80-82
projects\__init__.py                                                                        0      0   100%
projects\admin.py                                                                          51     18    65%   18-29, 52-60, 65-76
projects\apps.py                                                                            5      0   100%
projects\migrations\0001_initial.py                                                         7      0   100%
projects\migrations\0002_mediaitem_likes_count_project_likes_count.py                       4      0   100%
projects\migrations\0003_populate_initial_likes_count.py                                   14      4    71%   14-15, 19-20
projects\migrations\0004_remove_project_is_featured_project_featured.py                     4      0   100%
projects\migrations\0005_remove_mediaitem_url_mediaitem_file_and_more.py                   16      8    50%   15-17, 24-29
projects\migrations\0006_project_show_registration.py                                       4      0   100%
projects\migrations\0007_project_views_count_alter_project_category.py                      4      0   100%
projects\migrations\__init__.py                                                             0      0   100%
projects\models.py                                                                         70      4    94%   88, 93-95
projects\serializers.py                                                                   117     44    62%   23-59, 76-77, 80-82, 88-89, 92-94, 101-104, 150, 157-158, 171
projects\test_projects.py                                                                 116      0   100%
projects\tests.py                                                                          75      0   100%
projects\urls.py                                                                            3      0   100%
projects\views.py                                                                         105     18    83%   59, 138-140, 152-157, 161, 164-172, 182-187
---------------------------------------------------------------------------------------------------------------------
TOTAL                                                                                    3210    920    71%
Coverage HTML written to dir htmlcov
Coverage XML written to file coverage.xml
Required test coverage of 70% reached. Total coverage: 71.34%
====================== 100 passed, 19 warnings in 29.14s ======================
